======================================================================
Phase 3: Transformer 改良版 + 完整消融/对比实验
  设备=cpu
======================================================================

--- Step 1: 加载数据 ---
  用户数=42372, 天数=1034

--- Step 2: 缺失模式特征 ---
  缺失模式特征: 9维

--- Step 3: 数据预处理 ---
  填充后范围: [0.00, 800003.31]

--- Step 4: 月度聚合 ---
  月度聚合: 34个月

--- Step 5: 日历特征 ---
  日历特征: 7维

--- Step 6: 深层统计特征 ---
  深层统计特征: 21维

--- Step 7: TCN-CPD ---
  TCN-CPD: 20维

--- Step 8: ISCT 变点特征 ---
  ISCT-CPD: 8维 (保留8/8)

--- Step 9: RMT 2特征 ---
  RMT特征: 2维  耗时=0.2s
    B_snr_global AUC=0.5527
    A_late_signal AUC=0.5307

--- Step 10: 组装 GBDT 特征矩阵 ---
  G1 Baseline 特征: 712维
  G2 +RMT 特征: 714维

--- Step 11: 构建 Transformer 输入 + 模型 ---
  Transformer输入: (42372, 34, 34)  (34维通道, 34个月)

--- Step 12: 训练 Transformer ---
  参数量=841,473  feat_dim=34  epochs=60
Epoch |       Loss |     AUC |     F1 |       LR
--------------------------------------------------
    1 |   0.051914 |  0.7236 | 0.3052 | 1.00e-03 *BEST*
    2 |   0.046957 |  0.7648 | 0.3421 | 9.94e-04 *BEST*
    3 |   0.045573 |  0.7708 | 0.3509 | 9.76e-04 *BEST*
    4 |   0.044557 |  0.7774 | 0.3652 | 9.46e-04 *BEST*
    5 |   0.044346 |  0.7732 | 0.3485 | 9.05e-04
    6 |   0.043231 |  0.7858 | 0.3625 | 8.54e-04 *BEST*
    7 |   0.042650 |  0.7976 | 0.3769 | 7.94e-04 *BEST*
   10 |   0.041142 |  0.7927 | 0.3922 | 5.78e-04
   15 |   0.036477 |  0.7915 | 0.4137 | 2.07e-04
   20 |   0.033982 |  0.7891 | 0.4034 | 6.65e-06

Early stop epoch=7

[OK] Transformer done: best AUC=0.7976 @ epoch 7

--- Step 13: Transformer 256维 -> PCA 16维 ---
  Transformer原始特征: (42372, 256)
  PCA 16维: 方差解释率=0.9615 (96.2%)
  trans_pca16 shape: (42372, 16)
  G3 +RMT+Trans_PCA16 特征: 730维

  Transformer 单独 AUC (80/20 val): 0.7976

======================================================================
Step 14: Ablation - G1 vs G2 vs G3
======================================================================

>> G1: Baseline
    [G1] Fold 1: Cat=0.8737 XGB=0.8693 LGB=0.8740
    [G1] Fold 2: Cat=0.8606 XGB=0.8635 LGB=0.8623
    [G1] Fold 3: Cat=0.8722 XGB=0.8661 LGB=0.8693
    [G1] Fold 4: Cat=0.8706 XGB=0.8690 LGB=0.8738
    [G1] Fold 5: Cat=0.8644 XGB=0.8691 LGB=0.8716
    [G1] OOF: Cat=0.8683+/-0.0050  XGB=0.8674+/-0.0023  LGB=0.8702+/-0.0043
    [G1] 集成 OOF AUC=0.8731  F1=0.5090

>> G2: +RMT
    [G2] Fold 1: Cat=0.8758 XGB=0.8697 LGB=0.8722
    [G2] Fold 2: Cat=0.8647 XGB=0.8608 LGB=0.8663
    [G2] Fold 3: Cat=0.8707 XGB=0.8658 LGB=0.8688
    [G2] Fold 4: Cat=0.8703 XGB=0.8693 LGB=0.8742
    [G2] Fold 5: Cat=0.8702 XGB=0.8665 LGB=0.8696
    [G2] OOF: Cat=0.8703+/-0.0035  XGB=0.8664+/-0.0032  LGB=0.8702+/-0.0027
    [G2] 集成 OOF AUC=0.8730  F1=0.5110

>> G3: +RMT+Trans_PCA16
    [G3] Fold 1: Cat=0.8769 XGB=0.8752 LGB=0.8799
    [G3] Fold 2: Cat=0.8689 XGB=0.8673 LGB=0.8658
    [G3] Fold 3: Cat=0.8713 XGB=0.8704 LGB=0.8718
    [G3] Fold 4: Cat=0.8748 XGB=0.8746 LGB=0.8802
    [G3] Fold 5: Cat=0.8712 XGB=0.8700 LGB=0.8749
    [G3] OOF: Cat=0.8726+/-0.0029  XGB=0.8715+/-0.0030  LGB=0.8745+/-0.0054
    [G3] 集成 OOF AUC=0.8760  F1=0.5170

======================================================================
Step 15: 基线对比实验（有监督分类器 + 无监督异常检测）
======================================================================

--- 15a: 有监督分类器（同样G3特征, 5折OOF）---
  Fold 1: SVM=0.4562(665s) RF=0.8240(25s) LR=0.5722(43s) MLP=0.5766(10s)
  Fold 2: SVM=0.4646(679s) RF=0.8166(26s) LR=0.5663(41s) MLP=0.6124(12s)
  Fold 3: SVM=0.4436(678s) RF=0.8208(26s) LR=0.5512(42s) MLP=0.5893(11s)
  Fold 4: SVM=0.5221(672s) RF=0.8256(26s) LR=0.5607(39s) MLP=0.5566(14s)
  Fold 5: SVM=0.5683(646s) RF=0.8249(22s) LR=0.5605(32s) MLP=0.5389(6s)

  有监督分类器 OOF 汇总:
    SVM (RBF, PCA32):    AUC=0.5085  F1=0.1590
    Random Forest:       AUC=0.8224  F1=0.3886
    Logistic Regression: AUC=0.5582  F1=0.1773
    MLP (128-64):        AUC=0.5679  F1=0.2524

--- 15b: 无监督异常检测（IF / LOF / OCSVM, 作为参考下界）---
  Fold 1: IF=0.6728(2s) LOF=0.5954(15s) OCSVM=0.4311(13s)
  Fold 2: IF=0.6733(2s) LOF=0.5827(14s) OCSVM=0.4545(12s)
  Fold 3: IF=0.6583(2s) LOF=0.5878(14s) OCSVM=0.4637(13s)
  Fold 4: IF=0.6711(2s) LOF=0.5978(14s) OCSVM=0.4646(13s)
  Fold 5: IF=0.6613(2s) LOF=0.5795(14s) OCSVM=0.4509(14s)

  无监督基线 OOF 汇总:
    Isolation Forest:  AUC=0.6674  F1=0.2382
    LOF:               AUC=0.5886  F1=0.1985
    One-Class SVM:     AUC=0.5104  F1=0.1575

======================================================================
Step 16: 完整对比实验表
======================================================================

========================================================================
                         消融实验结果
========================================================================
配置                            特征维度   OOF AUC    OOF F1
------------------------------------------------------------------------
G1: Baseline                   712    0.8731    0.5090
G2: +RMT                       714    0.8730    0.5110
G3: +RMT+Trans_PCA16           730    0.8760    0.5170
------------------------------------------------------------------------
G2-G1 (RMT gain)                +2   -0.0000   +0.0020
G3-G2 (Trans gain)             +16   +0.0030   +0.0060
G3-G1 (Total gain)             +18   +0.0029   +0.0080
========================================================================

==============================================================================
          完整模型对比实验 (公平对比: 同样G3特征矩阵)
==============================================================================
Model                               Type           OOF AUC    OOF F1
------------------------------------------------------------------------------
Logistic Regression (G3)            Supervised      0.5582    0.1773
SVM-RBF (G3, PCA32)                 Supervised      0.5085    0.1590
MLP (G3)                            Supervised      0.5679    0.2524
Random Forest (G3)                  Supervised      0.8224    0.3886
Transformer (standalone)            Supervised      0.7976         -
CatBoost (G3)                       GBDT            0.8726         -
XGBoost (G3)                        GBDT            0.8715         -
LightGBM (G3)                       GBDT            0.8745         -
Ours (RMT+Trans+GBDT Ensemble)      Ensemble        0.8760    0.5170
------------------------------------------------------------------------------
Isolation Forest (G3)               Unsuperv.       0.6674    0.2382
LOF (G3)                            Unsuperv.       0.5886    0.1985
One-Class SVM (G3, PCA32)           Unsuperv.       0.5104    0.1575
==============================================================================

Total time: 327.3 min
Phase 3 Done!
